<?xml version="1.0" encoding="UTF-8"?>
<Site BuildName="(empty)"
	BuildStamp="20231030-1015-Experimental"
	Name="BaseStation"
	Generator="ctest-3.16.3"
	CompilerName="/usr/bin/clang++"
	CompilerVersion="10.0.0"
	OSName="Linux"
	Hostname="BaseStation"
	OSRelease="5.4.0-139-generic"
	OSVersion="#156-Ubuntu SMP Fri Jan 20 17:27:18 UTC 2023"
	OSPlatform="x86_64"
	Is64Bits="1"
	VendorString="GenuineIntel"
	VendorID="Intel Corporation"
	FamilyID="6"
	ModelID="37"
	ProcessorCacheSize="3072"
	NumberOfLogicalCPU="4"
	NumberOfPhysicalCPU="2"
	TotalVirtualMemory="0"
	TotalPhysicalMemory="5737"
	LogicalProcessorsPerPhysical="2"
	ProcessorClockFrequency="2261.16"
	>
	<Testing>
		<StartDateTime>Oct 30 11:24 CET</StartDateTime>
		<StartTestTime>1698661482</StartTestTime>
		<TestList/>
		<EndDateTime>Oct 30 11:24 CET</EndDateTime>
		<EndTestTime>1698661482</EndTestTime>
		<ElapsedMinutes>0</ElapsedMinutes>
	</Testing>
</Site>
