<?xml version="1.0" encoding="UTF-8"?>
<Site BuildName="(empty)"
	BuildStamp="20240222-0846-Experimental"
	Name="HoverCar"
	Generator="ctest-3.16.3"
	CompilerName="/usr/bin/c++"
	CompilerVersion="9.4.0"
	OSName="Linux"
	Hostname="HoverCar"
	OSRelease="5.4.0-1101-raspi"
	OSVersion="#113-Ubuntu SMP PREEMPT Fri Jan 12 18:10:28 UTC 2024"
	OSPlatform="aarch64"
	Is64Bits="1"
	VendorString=""
	VendorID="Unknown Manufacturer"
	FamilyID="8"
	ModelID="0"
	ProcessorCacheSize="0"
	NumberOfLogicalCPU="4"
	NumberOfPhysicalCPU="1"
	TotalVirtualMemory="4095"
	TotalPhysicalMemory="906"
	LogicalProcessorsPerPhysical="4"
	ProcessorClockFrequency="0"
	>
	<Testing>
		<StartDateTime>Feb 22 09:46 CET</StartDateTime>
		<StartTestTime>1708591595</StartTestTime>
		<TestList/>
		<EndDateTime>Feb 22 09:46 CET</EndDateTime>
		<EndTestTime>1708591595</EndTestTime>
		<ElapsedMinutes>0</ElapsedMinutes>
	</Testing>
</Site>
